Determining if the pthread_create exist failed with the following output:
Change Dir: /home/gleefe/GCNv2_SLAM/build/CMakeFiles/CMakeTmp

Run Build Command:"/usr/bin/make" "cmTC_f5df3/fast"
/usr/bin/make -f CMakeFiles/cmTC_f5df3.dir/build.make CMakeFiles/cmTC_f5df3.dir/build
make[1]: Entering directory '/home/gleefe/GCNv2_SLAM/build/CMakeFiles/CMakeTmp'
Building C object CMakeFiles/cmTC_f5df3.dir/CheckSymbolExists.c.o
/usr/bin/cc   -Wall -O3 -march=native     -o CMakeFiles/cmTC_f5df3.dir/CheckSymbolExists.c.o   -c /home/gleefe/GCNv2_SLAM/build/CMakeFiles/CMakeTmp/CheckSymbolExists.c
Linking C executable cmTC_f5df3
/usr/bin/cmake -E cmake_link_script CMakeFiles/cmTC_f5df3.dir/link.txt --verbose=1
/usr/bin/cc  -Wall -O3 -march=native      -rdynamic CMakeFiles/cmTC_f5df3.dir/CheckSymbolExists.c.o  -o cmTC_f5df3 
CMakeFiles/cmTC_f5df3.dir/CheckSymbolExists.c.o: In function `main':
CheckSymbolExists.c:(.text.startup+0x3): undefined reference to `pthread_create'
collect2: error: ld returned 1 exit status
CMakeFiles/cmTC_f5df3.dir/build.make:97: recipe for target 'cmTC_f5df3' failed
make[1]: *** [cmTC_f5df3] Error 1
make[1]: Leaving directory '/home/gleefe/GCNv2_SLAM/build/CMakeFiles/CMakeTmp'
Makefile:126: recipe for target 'cmTC_f5df3/fast' failed
make: *** [cmTC_f5df3/fast] Error 2

File /home/gleefe/GCNv2_SLAM/build/CMakeFiles/CMakeTmp/CheckSymbolExists.c:
/* */
#include <pthread.h>

int main(int argc, char** argv)
{
  (void)argv;
#ifndef pthread_create
  return ((int*)(&pthread_create))[argc];
#else
  (void)argc;
  return 0;
#endif
}

Determining if the function pthread_create exists in the pthreads failed with the following output:
Change Dir: /home/gleefe/GCNv2_SLAM/build/CMakeFiles/CMakeTmp

Run Build Command:"/usr/bin/make" "cmTC_fd024/fast"
/usr/bin/make -f CMakeFiles/cmTC_fd024.dir/build.make CMakeFiles/cmTC_fd024.dir/build
make[1]: Entering directory '/home/gleefe/GCNv2_SLAM/build/CMakeFiles/CMakeTmp'
Building C object CMakeFiles/cmTC_fd024.dir/CheckFunctionExists.c.o
/usr/bin/cc   -Wall -O3 -march=native  -DCHECK_FUNCTION_EXISTS=pthread_create   -o CMakeFiles/cmTC_fd024.dir/CheckFunctionExists.c.o   -c /usr/share/cmake-3.10/Modules/CheckFunctionExists.c
Linking C executable cmTC_fd024
/usr/bin/cmake -E cmake_link_script CMakeFiles/cmTC_fd024.dir/link.txt --verbose=1
/usr/bin/cc  -Wall -O3 -march=native  -DCHECK_FUNCTION_EXISTS=pthread_create    -rdynamic CMakeFiles/cmTC_fd024.dir/CheckFunctionExists.c.o  -o cmTC_fd024 -lpthreads 
/usr/bin/ld: cannot find -lpthreads
collect2: error: ld returned 1 exit status
CMakeFiles/cmTC_fd024.dir/build.make:97: recipe for target 'cmTC_fd024' failed
make[1]: *** [cmTC_fd024] Error 1
make[1]: Leaving directory '/home/gleefe/GCNv2_SLAM/build/CMakeFiles/CMakeTmp'
Makefile:126: recipe for target 'cmTC_fd024/fast' failed
make: *** [cmTC_fd024/fast] Error 2


